# JRE version: OpenJDK Runtime Environment (21.0.9) (build 21.0.9+-14787801-b1163.94)
# Java VM: OpenJDK 64-Bit Server VM (21.0.9+-14787801-b1163.94, mixed mode, tiered, compressed oops, compressed class ptrs, g1 gc, windows-amd64)
GC Precious Log:
 CardTable entry size: 512
 Card Set container configuration: InlinePtr #cards 5 size 8 Array Of Cards #cards 12 size 40 Howl #buckets 4 coarsen threshold 1843 Howl Bitmap #cards 512 size 80 coarsen threshold 460 Card regions per heap region 1 cards per card region 2048
 CPUs: 8 total, 8 available
 Memory: 6091M
 Large Page Support: Disabled
 NUMA Support: Disabled
 Compressed Oops: Enabled (32-bit)
 Heap Region Size: 1M
 Heap Min Capacity: 8M
 Heap Initial Capacity: 96M
 Heap Max Capacity: 512M
 Pre-touch: Disabled
 Parallel Workers: 8
 Concurrent Workers: 2
 Concurrent Refinement Workers: 8
 Periodic GC: Disabled
Heap:
 garbage-first heap   total 98304K, used 56997K [0x00000000e0000000, 0x0000000100000000)
  region size 1024K, 9 young (9216K), 5 survivors (5120K)
 Metaspace       used 74931K, committed 76672K, reserved 344064K
  class space    used 10559K, committed 11392K, reserved 212992K
GC Heap History (20 events):
Event: 28.141 GC heap before
{Heap before GC invocations=11 (full 0):
 garbage-first heap   total 79872K, used 73581K [0x00000000e0000000, 0x0000000100000000)
  region size 1024K, 44 young (45056K), 6 survivors (6144K)
 Metaspace       used 47237K, committed 48256K, reserved 278528K
  class space    used 6369K, committed 6848K, reserved 212992K
}
Event: 28.155 GC heap after
{Heap after GC invocations=12 (full 0):
 garbage-first heap   total 86016K, used 34565K [0x00000000e0000000, 0x0000000100000000)
  region size 1024K, 4 young (4096K), 4 survivors (4096K)
 Metaspace       used 47237K, committed 48256K, reserved 278528K
  class space    used 6369K, committed 6848K, reserved 212992K
}
Event: 32.398 GC heap before
{Heap before GC invocations=12 (full 0):
 garbage-first heap   total 86016K, used 75525K [0x00000000e0000000, 0x0000000100000000)
  region size 1024K, 44 young (45056K), 4 survivors (4096K)
 Metaspace       used 51883K, committed 53184K, reserved 278528K
  class space    used 7147K, committed 7744K, reserved 212992K
}
Event: 32.408 GC heap after
{Heap after GC invocations=13 (full 0):
 garbage-first heap   total 86016K, used 37266K [0x00000000e0000000, 0x0000000100000000)
  region size 1024K, 3 young (3072K), 3 survivors (3072K)
 Metaspace       used 51883K, committed 53184K, reserved 278528K
  class space    used 7147K, committed 7744K, reserved 212992K
}
Event: 33.219 GC heap before
{Heap before GC invocations=13 (full 0):
 garbage-first heap   total 86016K, used 76178K [0x00000000e0000000, 0x0000000100000000)
  region size 1024K, 40 young (40960K), 3 survivors (3072K)
 Metaspace       used 54344K, committed 55680K, reserved 278528K
  class space    used 7407K, committed 8064K, reserved 212992K
}
Event: 33.224 GC heap after
{Heap after GC invocations=14 (full 0):
 garbage-first heap   total 86016K, used 38354K [0x00000000e0000000, 0x0000000100000000)
  region size 1024K, 2 young (2048K), 2 survivors (2048K)
 Metaspace       used 54344K, committed 55680K, reserved 278528K
  class space    used 7407K, committed 8064K, reserved 212992K
}
Event: 35.013 GC heap before
{Heap before GC invocations=14 (full 0):
 garbage-first heap   total 86016K, used 76242K [0x00000000e0000000, 0x0000000100000000)
  region size 1024K, 39 young (39936K), 2 survivors (2048K)
 Metaspace       used 57914K, committed 59392K, reserved 278528K
  class space    used 8018K, committed 8704K, reserved 212992K
}
Event: 35.017 GC heap after
{Heap after GC invocations=15 (full 0):
 garbage-first heap   total 86016K, used 40030K [0x00000000e0000000, 0x0000000100000000)
  region size 1024K, 3 young (3072K), 3 survivors (3072K)
 Metaspace       used 57914K, committed 59392K, reserved 278528K
  class space    used 8018K, committed 8704K, reserved 212992K
}
Event: 35.386 GC heap before
{Heap before GC invocations=15 (full 0):
 garbage-first heap   total 86016K, used 47198K [0x00000000e0000000, 0x0000000100000000)
  region size 1024K, 11 young (11264K), 3 survivors (3072K)
 Metaspace       used 58828K, committed 60288K, reserved 278528K
  class space    used 8136K, committed 8832K, reserved 212992K
}
Event: 35.392 GC heap after
{Heap after GC invocations=16 (full 0):
 garbage-first heap   total 86016K, used 40340K [0x00000000e0000000, 0x0000000100000000)
  region size 1024K, 3 young (3072K), 3 survivors (3072K)
 Metaspace       used 58828K, committed 60288K, reserved 278528K
  class space    used 8136K, committed 8832K, reserved 212992K
}
Event: 38.677 GC heap before
{Heap before GC invocations=17 (full 0):
 garbage-first heap   total 86016K, used 77204K [0x00000000e0000000, 0x0000000100000000)
  region size 1024K, 40 young (40960K), 3 survivors (3072K)
 Metaspace       used 62985K, committed 64512K, reserved 278528K
  class space    used 8823K, committed 9536K, reserved 212992K
}
Event: 38.683 GC heap after
{Heap after GC invocations=18 (full 0):
 garbage-first heap   total 86016K, used 41722K [0x00000000e0000000, 0x0000000100000000)
  region size 1024K, 4 young (4096K), 4 survivors (4096K)
 Metaspace       used 62985K, committed 64512K, reserved 278528K
  class space    used 8823K, committed 9536K, reserved 212992K
}
Event: 39.953 GC heap before
{Heap before GC invocations=18 (full 0):
 garbage-first heap   total 86016K, used 78586K [0x00000000e0000000, 0x0000000100000000)
  region size 1024K, 40 young (40960K), 4 survivors (4096K)
 Metaspace       used 64950K, committed 66432K, reserved 278528K
  class space    used 9093K, committed 9792K, reserved 212992K
}
Event: 39.961 GC heap after
{Heap after GC invocations=19 (full 0):
 garbage-first heap   total 86016K, used 41232K [0x00000000e0000000, 0x0000000100000000)
  region size 1024K, 3 young (3072K), 3 survivors (3072K)
 Metaspace       used 64950K, committed 66432K, reserved 278528K
  class space    used 9093K, committed 9792K, reserved 212992K
}
Event: 44.234 GC heap before
{Heap before GC invocations=19 (full 0):
 garbage-first heap   total 86016K, used 80144K [0x00000000e0000000, 0x0000000100000000)
  region size 1024K, 41 young (41984K), 3 survivors (3072K)
 Metaspace       used 69367K, committed 71040K, reserved 278528K
  class space    used 9835K, committed 10624K, reserved 212992K
}
Event: 44.241 GC heap after
{Heap after GC invocations=20 (full 0):
 garbage-first heap   total 86016K, used 43626K [0x00000000e0000000, 0x0000000100000000)
  region size 1024K, 5 young (5120K), 5 survivors (5120K)
 Metaspace       used 69367K, committed 71040K, reserved 278528K
  class space    used 9835K, committed 10624K, reserved 212992K
}
Event: 49.748 GC heap before
{Heap before GC invocations=21 (full 0):
 garbage-first heap   total 86016K, used 79466K [0x00000000e0000000, 0x0000000100000000)
  region size 1024K, 41 young (41984K), 5 survivors (5120K)
 Metaspace       used 71238K, committed 72960K, reserved 278528K
  class space    used 10053K, committed 10880K, reserved 212992K
}
Event: 49.757 GC heap after
{Heap after GC invocations=22 (full 0):
 garbage-first heap   total 89088K, used 45621K [0x00000000e0000000, 0x0000000100000000)
  region size 1024K, 6 young (6144K), 6 survivors (6144K)
 Metaspace       used 71238K, committed 72960K, reserved 278528K
  class space    used 10053K, committed 10880K, reserved 212992K
}
Event: 55.107 GC heap before
{Heap before GC invocations=22 (full 0):
 garbage-first heap   total 89088K, used 86581K [0x00000000e0000000, 0x0000000100000000)
  region size 1024K, 41 young (41984K), 6 survivors (6144K)
 Metaspace       used 74643K, committed 76416K, reserved 278528K
  class space    used 10498K, committed 11328K, reserved 212992K
}
Event: 55.280 GC heap after
{Heap after GC invocations=23 (full 0):
 garbage-first heap   total 98304K, used 53925K [0x00000000e0000000, 0x0000000100000000)
  region size 1024K, 5 young (5120K), 5 survivors (5120K)
 Metaspace       used 74643K, committed 76416K, reserved 278528K
  class space    used 10498K, committed 11328K, reserved 212992K
}

